<?xml version="1.0" encoding="utf-8"?><testsuites name="pytest tests"><testsuite name="pytest" errors="0" failures="0" skipped="2" tests="76" time="24.629" timestamp="2026-09-06T12:07:30.298481+00:00" hostname="ZeroRun"><testcase classname="tests.test_hermetic.HermeticV2Tests" name="test_bounded_process_drains_both_streams_and_retains_tails" time="0.042" /><testcase classname="tests.test_hermetic.HermeticV2Tests" name="test_bounded_process_interrupt_cleans_and_reraises" time="0.006" /><testcase classname="tests.test_hermetic.HermeticV2Tests" name="test_bounded_process_job_assignment_failure_never_runs_uncontained" time="0.001"><skipped type="pytest.skip" message="Windows Job Object containment only">/home/floxy/zerorun-sqj-20260906-1000/engine/tests/test_hermetic.py:1637: Windows Job Object containment only</skipped></testcase><testcase classname="tests.test_hermetic.HermeticV2Tests" name="test_bounded_process_leader_exit_cannot_leave_background_child" time="0.072" /><testcase classname="tests.test_hermetic.HermeticV2Tests" name="test_bounded_process_posix_launch_still_uses_new_session" time="0.005" /><testcase classname="tests.test_hermetic.HermeticV2Tests" name="test_bounded_process_reader_setup_failure_still_kills_and_reaps" time="0.005" /><testcase classname="tests.test_hermetic.HermeticV2Tests" name="test_bounded_process_resume_failure_closes_job_and_reaps" time="0.001"><skipped type="pytest.skip" message="Windows Job Object containment only">/home/floxy/zerorun-sqj-20260906-1000/engine/tests/test_hermetic.py:1672: Windows Job Object containment only</skipped></testcase><testcase classname="tests.test_hermetic.HermeticV2Tests" name="test_bounded_process_supplies_and_closes_explicit_stdin" time="0.041" /><testcase classname="tests.test_hermetic.HermeticV2Tests" name="test_bounded_process_timeout_terminates_descendants" time="0.258" /><testcase classname="tests.test_hermetic.HermeticV2Tests" name="test_cleanup_error_handler_refuses_outside_or_link_targets" time="0.003" /><testcase classname="tests.test_hermetic.HermeticV2Tests" name="test_container_cleanup_requires_success_or_explicit_not_found" time="0.009" /><testcase classname="tests.test_hermetic.HermeticV2Tests" name="test_created_container_env_file_is_removed_when_create_raises" time="0.015" /><testcase classname="tests.test_hermetic.HermeticV2Tests" name="test_created_container_failed_normal_remove_force_retries_exact_id" time="0.003" /><testcase classname="tests.test_hermetic.HermeticV2Tests" name="test_created_container_interrupt_notes_unconfirmed_exact_id" time="0.003" /><testcase classname="tests.test_hermetic.HermeticV2Tests" name="test_created_container_rejects_invalid_create_id_and_cleans_name" time="0.003" /><testcase classname="tests.test_hermetic.HermeticV2Tests" name="test_created_container_reports_failed_exact_id_force_retry" time="0.003" /><testcase classname="tests.test_hermetic.HermeticV2Tests" name="test_created_container_uncertain_create_accepts_repeated_absence" time="0.003" /><testcase classname="tests.test_hermetic.HermeticV2Tests" name="test_force_and_verify_bypass_readonly_hit_optimization" time="0.115" /><testcase classname="tests.test_hermetic.HermeticV2Tests" name="test_readonly_hit_rechecks_source_after_authenticated_lookup" time="0.084" /><testcase classname="tests.test_hermetic.HermeticV2Tests" name="test_readonly_whole_task_hit_does_not_stage_or_execute" time="0.093" /><testcase classname="tests.test_hermetic.HermeticV2Tests" name="test_snapshot_cleanup_failure_is_visible_and_preserves_target" time="0.008" /><testcase classname="tests.test_hermetic.HermeticV2Tests" name="test_snapshot_cleanup_removes_nested_readonly_directories" time="0.005" /><testcase classname="tests.test_hermetic.HermeticV2Tests" name="test_v2_action_locks_are_per_key" time="0.024" /><testcase classname="tests.test_hermetic.HermeticV2Tests" name="test_v2_attested_nonzero_container_exit_is_a_task_failure" time="0.013" /><testcase classname="tests.test_hermetic.HermeticV2Tests" name="test_v2_batch_never_returns_hits_after_a_mid_request_source_edit" time="0.352" /><testcase classname="tests.test_hermetic.HermeticV2Tests" name="test_v2_batch_never_widens_one_task_with_another_tasks_inputs" time="0.163" /><testcase classname="tests.test_hermetic.HermeticV2Tests" name="test_v2_batch_preserves_exact_per_task_snapshots_and_hits" time="0.323" /><testcase classname="tests.test_hermetic.HermeticV2Tests" name="test_v2_batch_stages_expanded_paths_with_literal_glob_characters" time="0.258" /><testcase classname="tests.test_hermetic.HermeticV2Tests" name="test_v2_batch_validates_every_stream_before_first_execution" time="0.006" /><testcase classname="tests.test_hermetic.HermeticV2Tests" name="test_v2_cached_hit_rechecks_live_source_after_lookup" time="0.107" /><testcase classname="tests.test_hermetic.HermeticV2Tests" name="test_v2_cached_runtime_identity_still_revalidates_docker_launcher" time="0.008" /><testcase classname="tests.test_hermetic.HermeticV2Tests" name="test_v2_command_source_edit_forces_fresh_execution" time="0.172" /><testcase classname="tests.test_hermetic.HermeticV2Tests" name="test_v2_container_values_never_become_docker_client_environment" time="0.014" /><testcase classname="tests.test_hermetic.HermeticV2Tests" name="test_v2_create_failure_is_infrastructure_not_task_result" time="0.018" /><testcase classname="tests.test_hermetic.HermeticV2Tests" name="test_v2_docker_command_enforces_boundary" time="0.014" /><testcase classname="tests.test_hermetic.HermeticV2Tests" name="test_v2_edit_forces_fresh_execution" time="0.111" /><testcase classname="tests.test_hermetic.HermeticV2Tests" name="test_v2_execution_uses_snapshot_and_rejects_live_edit" time="0.044" /><testcase classname="tests.test_hermetic.HermeticV2Tests" name="test_v2_fingerprint_binds_root_and_implicit_parent_modes" time="0.008" /><testcase classname="tests.test_hermetic.HermeticV2Tests" name="test_v2_fingerprint_binds_runtime_identity" time="0.007" /><testcase classname="tests.test_hermetic.HermeticV2Tests" name="test_v2_fingerprint_uses_content_not_mtime" time="0.008" /><testcase classname="tests.test_hermetic.HermeticV2Tests" name="test_v2_infrastructure_timeout_never_quarantines_cached_success" time="0.090" /><testcase classname="tests.test_hermetic.HermeticV2Tests" name="test_v2_interrupt_during_final_cleanup_retries_exact_id" time="0.017" /><testcase classname="tests.test_hermetic.HermeticV2Tests" name="test_v2_linked_worktree_git_file_is_masked" time="0.014" /><testcase classname="tests.test_hermetic.HermeticV2Tests" name="test_v2_miss_then_exact_hit_does_not_reexecute_or_replay_streams" time="0.105" /><testcase classname="tests.test_hermetic.HermeticV2Tests" name="test_v2_read_only_checkout_root_can_stage_and_cleanup" time="0.073" /><testcase classname="tests.test_hermetic.HermeticV2Tests" name="test_v2_refuses_git_metadata_in_reviewed_closure" time="0.022" /><testcase classname="tests.test_hermetic.HermeticV2Tests" name="test_v2_rejects_missing_and_symlinked_closure_members" time="0.008" /><testcase classname="tests.test_hermetic.HermeticV2Tests" name="test_v2_rejects_outputs_stream_cache_and_normalizer" time="0.011" /><testcase classname="tests.test_hermetic.HermeticV2Tests" name="test_v2_rejects_task_environment_reserved_by_docker_client" time="0.007" /><testcase classname="tests.test_hermetic.HermeticV2Tests" name="test_v2_rejects_unpinned_image" time="0.005" /><testcase classname="tests.test_hermetic.HermeticV2Tests" name="test_v2_rejects_unsafe_effect_for_cacheable_task" time="0.005" /><testcase classname="tests.test_hermetic.HermeticV2Tests" name="test_v2_rejects_unsupported_host_before_state_or_staging" time="0.006" /><testcase classname="tests.test_hermetic.HermeticV2Tests" name="test_v2_rejects_wrong_platform" time="0.004" /><testcase classname="tests.test_hermetic.HermeticV2Tests" name="test_v2_requires_explicit_closure_review" time="0.003" /><testcase classname="tests.test_hermetic.HermeticV2Tests" name="test_v2_runtime_attestation_is_refreshed_for_every_call" time="0.005" /><testcase classname="tests.test_hermetic.HermeticV2Tests" name="test_v2_runtime_inspection_uses_bounded_trusted_client_environment" time="0.007" /><testcase classname="tests.test_hermetic.HermeticV2Tests" name="test_v2_runtime_refuses_repository_controlled_docker_without_execution" time="0.008" /><testcase classname="tests.test_hermetic.HermeticV2Tests" name="test_v2_runtime_state_error_is_not_an_attested_task_exit" time="0.006" /><testcase classname="tests.test_hermetic.HermeticV2Tests" name="test_v2_snapshot_normalizes_unkeyed_timestamps" time="0.012" /><testcase classname="tests.test_hermetic.HermeticV2Tests" name="test_v2_start_transport_mismatch_is_infrastructure_failure" time="0.016" /><testcase classname="tests.test_hermetic.HermeticV2Tests" name="test_v2_timeout_force_removes_exact_container_id" time="0.021" /><testcase classname="tests.test_hermetic.HermeticV2Tests" name="test_v2_timeout_surfaces_unconfirmed_container_cleanup" time="0.015" /><testcase classname="tests.test_hermetic.HermeticV2Tests" name="test_v2_verify_failure_quarantines_cached_success" time="0.126" /><testcase classname="tests.test_research_lifecycle_challenges" name="test_fixed_scenario_inventory_covers_requested_mechanisms" time="0.002" /><testcase classname="tests.test_research_lifecycle_challenges" name="test_campaign_falsifies_naive_omission_without_creating_authority" time="21.339" /><testcase classname="tests.test_research_lifecycle_challenges" name="test_existing_output_is_refused_before_pytest_execution" time="0.002" /><testcase classname="tests.test_research_lifecycle_challenges" name="test_campaign_preserves_virtualenv_interpreter_entrypoint" time="0.004" /><testcase classname="tests.test_research_lifecycle_challenges" name="test_git_state_records_missing_git_without_faking_metadata" time="0.001" /></testsuite></testsuites>