<?xml version="1.0" encoding="utf-8"?><testsuites name="pytest tests"><testsuite name="pytest" errors="0" failures="0" skipped="0" tests="54" time="0.661" timestamp="2026-09-06T23:59:05.295678-04:00" hostname="floxy"><testcase classname="research.softwarex.handoff_acquisition_recovery_v1.test_recover" name="test_original_plan_and_all_partial_bytes_are_bound" time="0.027" /><testcase classname="research.softwarex.handoff_acquisition_recovery_v1.test_recover" name="test_wrong_prior_attempt_is_not_recovered[selection]" time="0.012" /><testcase classname="research.softwarex.handoff_acquisition_recovery_v1.test_recover" name="test_wrong_prior_attempt_is_not_recovered[pilot]" time="0.012" /><testcase classname="research.softwarex.handoff_acquisition_recovery_v1.test_recover" name="test_wrong_prior_attempt_is_not_recovered[main]" time="0.012" /><testcase classname="research.softwarex.handoff_acquisition_recovery_v1.test_recover" name="test_wrong_prior_attempt_is_not_recovered[seed]" time="0.013" /><testcase classname="research.softwarex.handoff_acquisition_recovery_v1.test_recover" name="test_wrong_prior_attempt_is_not_recovered[source]" time="0.014" /><testcase classname="research.softwarex.handoff_acquisition_recovery_v1.test_recover" name="test_wrong_prior_attempt_is_not_recovered[partial-byte]" time="0.024" /><testcase classname="research.softwarex.handoff_acquisition_recovery_v1.test_recover" name="test_wrong_prior_attempt_is_not_recovered[first-byte]" time="0.023" /><testcase classname="research.softwarex.handoff_acquisition_recovery_v1.test_recover" name="test_wrong_prior_attempt_is_not_recovered[reason]" time="0.026" /><testcase classname="research.softwarex.handoff_acquisition_recovery_v1.test_recover" name="test_wrong_prior_attempt_is_not_recovered[prior-success]" time="0.013" /><testcase classname="research.softwarex.handoff_acquisition_recovery_v1.test_recover" name="test_wrong_prior_attempt_is_not_recovered[plan-hash]" time="0.015" /><testcase classname="research.softwarex.handoff_acquisition_recovery_v1.test_recover" name="test_wrong_prior_attempt_is_not_recovered[duplicate-json]" time="0.015" /><testcase classname="research.softwarex.handoff_acquisition_recovery_v1.test_recover" name="test_second_download_one_full_request_and_record" time="0.005" /><testcase classname="research.softwarex.handoff_acquisition_recovery_v1.test_recover" name="test_failed_new_download_is_retained_without_retry[truncated]" time="0.005" /><testcase classname="research.softwarex.handoff_acquisition_recovery_v1.test_recover" name="test_failed_new_download_is_retained_without_retry[not-parquet]" time="0.005" /><testcase classname="research.softwarex.handoff_acquisition_recovery_v1.test_recover" name="test_failed_new_download_is_retained_without_retry[partial-http]" time="0.005" /><testcase classname="research.softwarex.handoff_acquisition_recovery_v1.test_recover" name="test_failed_new_download_is_retained_without_retry[bad-length]" time="0.005" /><testcase classname="research.softwarex.handoff_acquisition_recovery_v1.test_recover" name="test_failed_new_download_is_retained_without_retry[timeout]" time="0.004" /><testcase classname="research.softwarex.handoff_acquisition_recovery_v1.test_recover" name="test_failed_new_download_is_retained_without_retry[over-limit]" time="0.005" /><testcase classname="research.softwarex.handoff_acquisition_recovery_v1.test_recover" name="test_larger_budget_cannot_apply_to_other_requests[data/test-00000-of-00002.parquet-https://huggingface.co/datasets/nebius/SWE-rebench/resolve/89cdfbab4ab1bd8f5a658bb212d1b63624f4f881/data/test-00000-of-00002.parquet-536870912]" time="0.003" /><testcase classname="research.softwarex.handoff_acquisition_recovery_v1.test_recover" name="test_larger_budget_cannot_apply_to_other_requests[data/test-00001-of-00002.parquet-https://example.invalid-536870912]" time="0.002" /><testcase classname="research.softwarex.handoff_acquisition_recovery_v1.test_recover" name="test_larger_budget_cannot_apply_to_other_requests[data/test-00001-of-00002.parquet-https://huggingface.co/datasets/nebius/SWE-rebench/resolve/89cdfbab4ab1bd8f5a658bb212d1b63624f4f881/data/test-00001-of-00002.parquet-536870913]" time="0.002" /><testcase classname="research.softwarex.handoff_acquisition_recovery_v1.test_recover" name="test_scoped_wrapper_preserves_original_and_selection_functions" time="0.094" /><testcase classname="research.softwarex.handoff_acquisition_recovery_v1.test_recover" name="test_existing_output_and_prior_subdirectory_refused_before_network" time="0.012" /><testcase classname="research.softwarex.handoff_acquisition_v1.test_collect" name="test_fixed_main_and_pilot_selection_are_disjoint_and_not_outcome_based" time="0.007" /><testcase classname="research.softwarex.handoff_acquisition_v1.test_collect" name="test_underpopulated_and_missing_repositories_are_not_forced_into_cohort" time="0.001" /><testcase classname="research.softwarex.handoff_acquisition_v1.test_collect" name="test_missing_spare_pilot_cases_remains_incomplete" time="0.002" /><testcase classname="research.softwarex.handoff_acquisition_v1.test_collect" name="test_unsafe_targets_rejected[../test_x.py]" time="0.001" /><testcase classname="research.softwarex.handoff_acquisition_v1.test_collect" name="test_unsafe_targets_rejected[/test_x.py]" time="0.001" /><testcase classname="research.softwarex.handoff_acquisition_v1.test_collect" name="test_unsafe_targets_rejected[tests/../test_x.py]" time="0.001" /><testcase classname="research.softwarex.handoff_acquisition_v1.test_collect" name="test_unsafe_targets_rejected[.git/test_x.py]" time="0.001" /><testcase classname="research.softwarex.handoff_acquisition_v1.test_collect" name="test_unsafe_targets_rejected[.zerorun/test_x.py]" time="0.001" /><testcase classname="research.softwarex.handoff_acquisition_v1.test_collect" name="test_unsafe_targets_rejected[-x.py]" time="0.001" /><testcase classname="research.softwarex.handoff_acquisition_v1.test_collect" name="test_unsafe_targets_rejected[tests/--x.py]" time="0.001" /><testcase classname="research.softwarex.handoff_acquisition_v1.test_collect" name="test_unsafe_targets_rejected[tests\\test_x.py]" time="0.001" /><testcase classname="research.softwarex.handoff_acquisition_v1.test_collect" name="test_unsafe_targets_rejected[tests/test x.py]" time="0.001" /><testcase classname="research.softwarex.handoff_acquisition_v1.test_collect" name="test_unsafe_targets_rejected[C:/test_x.py]" time="0.001" /><testcase classname="research.softwarex.handoff_acquisition_v1.test_collect" name="test_unsafe_targets_rejected[tests//test_x.py]" time="0.001" /><testcase classname="research.softwarex.handoff_acquisition_v1.test_collect" name="test_invalid_candidates_are_retained_in_ledger[change0]" time="0.001" /><testcase classname="research.softwarex.handoff_acquisition_v1.test_collect" name="test_invalid_candidates_are_retained_in_ledger[change1]" time="0.001" /><testcase classname="research.softwarex.handoff_acquisition_v1.test_collect" name="test_invalid_candidates_are_retained_in_ledger[change2]" time="0.001" /><testcase classname="research.softwarex.handoff_acquisition_v1.test_collect" name="test_invalid_candidates_are_retained_in_ledger[change3]" time="0.001" /><testcase classname="research.softwarex.handoff_acquisition_v1.test_collect" name="test_invalid_candidates_are_retained_in_ledger[change4]" time="0.001" /><testcase classname="research.softwarex.handoff_acquisition_v1.test_collect" name="test_invalid_candidates_are_retained_in_ledger[change5]" time="0.003" /><testcase classname="research.softwarex.handoff_acquisition_v1.test_collect" name="test_invalid_candidates_are_retained_in_ledger[change6]" time="0.001" /><testcase classname="research.softwarex.handoff_acquisition_v1.test_collect" name="test_invalid_candidates_are_retained_in_ledger[change7]" time="0.001" /><testcase classname="research.softwarex.handoff_acquisition_v1.test_collect" name="test_invalid_candidates_are_retained_in_ledger[change8]" time="0.001" /><testcase classname="research.softwarex.handoff_acquisition_v1.test_collect" name="test_duplicate_identifiers_are_all_excluded_not_first_wins" time="0.001" /><testcase classname="research.softwarex.handoff_acquisition_v1.test_collect" name="test_freeze_is_saved_before_first_request_and_failure_is_preserved" time="0.004" /><testcase classname="research.softwarex.handoff_acquisition_v1.test_collect" name="test_metadata_serialization_refuses_nonfinite_data" time="0.001" /><testcase classname="research.softwarex.handoff_acquisition_v1.test_collect" name="test_download_byte_limit_retains_partial_receipt_without_retry" time="0.003" /><testcase classname="research.softwarex.handoff_acquisition_v1.test_collect" name="test_global_row_indices_survive_unselected_rows" time="0.001" /><testcase classname="research.softwarex.handoff_acquisition_v1.test_collect" name="test_more_than_sixteen_targets_is_invalid" time="0.001" /><testcase classname="research.softwarex.handoff_acquisition_v1.test_collect" name="test_complete_collector_shapes_and_retained_archive_failure" time="0.051" /></testsuite></testsuites>