<?xml version="1.0" encoding="utf-8"?><testsuites name="pytest tests"><testsuite name="pytest" errors="0" failures="0" skipped="8" tests="118" time="5.186" timestamp="2026-09-06T23:28:53.839813-04:00" hostname="floxy"><testcase classname="tests.test_mcp" name="test_initialize_and_tools_list_are_mcp_compatible" time="0.002" /><testcase classname="tests.test_mcp" name="test_initialize_does_not_claim_an_unsupported_protocol_version" time="0.001" /><testcase classname="tests.test_mcp" name="test_mcp_json_parser_rejects_ambiguous_values[{&quot;jsonrpc&quot;:&quot;2.0&quot;,&quot;method&quot;:&quot;ping&quot;,&quot;method&quot;:&quot;tools/list&quot;}-duplicate JSON key]" time="0.002" /><testcase classname="tests.test_mcp" name="test_mcp_json_parser_rejects_ambiguous_values[{&quot;jsonrpc&quot;:&quot;2.0&quot;,&quot;method&quot;:&quot;ping&quot;,&quot;params&quot;:NaN}-non-finite JSON constant]" time="0.002" /><testcase classname="tests.test_mcp" name="test_mcp_json_parser_rejects_ambiguous_values[{&quot;jsonrpc&quot;:&quot;2.0&quot;,&quot;method&quot;:&quot;ping&quot;,&quot;params&quot;:1e999}-non-finite JSON numbers]" time="0.003" /><testcase classname="tests.test_mcp" name="test_mcp_json_parser_bounds_structure_depth_and_count" time="0.008" /><testcase classname="tests.test_mcp" name="test_mcp_rejects_invalid_json_rpc_envelopes[message_request0]" time="0.002" /><testcase classname="tests.test_mcp" name="test_mcp_rejects_invalid_json_rpc_envelopes[message_request1]" time="0.002" /><testcase classname="tests.test_mcp" name="test_mcp_rejects_invalid_json_rpc_envelopes[message_request2]" time="0.001" /><testcase classname="tests.test_mcp" name="test_mcp_rejects_invalid_json_rpc_envelopes[message_request3]" time="0.002" /><testcase classname="tests.test_mcp" name="test_mcp_rejects_invalid_json_rpc_envelopes[message_request4]" time="0.002" /><testcase classname="tests.test_mcp" name="test_mcp_rejects_invalid_json_rpc_envelopes[message_request5]" time="0.001" /><testcase classname="tests.test_mcp" name="test_mcp_rejects_invalid_json_rpc_envelopes[message_request6]" time="0.002" /><testcase classname="tests.test_mcp" name="test_mcp_rejects_invalid_json_rpc_envelopes[message_request7]" time="0.002" /><testcase classname="tests.test_mcp" name="test_mcp_rejects_invalid_json_rpc_envelopes[message_request8]" time="0.002" /><testcase classname="tests.test_mcp" name="test_mcp_rejects_invalid_json_rpc_envelopes[message_request9]" time="0.001" /><testcase classname="tests.test_mcp" name="test_initialize_requires_the_mcp_handshake_shape[params0]" time="0.001" /><testcase classname="tests.test_mcp" name="test_initialize_requires_the_mcp_handshake_shape[params1]" time="0.001" /><testcase classname="tests.test_mcp" name="test_initialize_requires_the_mcp_handshake_shape[params2]" time="0.002" /><testcase classname="tests.test_mcp" name="test_initialize_requires_the_mcp_handshake_shape[params3]" time="0.002" /><testcase classname="tests.test_mcp" name="test_initialize_requires_the_mcp_handshake_shape[params4]" time="0.002" /><testcase classname="tests.test_mcp" name="test_initialize_requires_the_mcp_handshake_shape[params5]" time="0.002" /><testcase classname="tests.test_mcp" name="test_mcp_rejects_non_object_and_unknown_tool_arguments" time="0.002" /><testcase classname="tests.test_mcp" name="test_mcp_stdio_reader_bounds_and_drains_oversized_request" time="0.009" /><testcase classname="tests.test_mcp" name="test_mcp_stdio_rejects_huge_integer_and_continues" time="0.013" /><testcase classname="tests.test_mcp" name="test_mcp_stdio_uses_standard_json_rpc_error_codes_and_notification_rules" time="0.007" /><testcase classname="tests.test_mcp" name="test_mcp_stdio_never_echoes_non_json_numeric_ids[NaN]" time="0.004" /><testcase classname="tests.test_mcp" name="test_mcp_stdio_never_echoes_non_json_numeric_ids[Infinity]" time="0.003" /><testcase classname="tests.test_mcp" name="test_mcp_stdio_never_echoes_non_json_numeric_ids[-Infinity]" time="0.004" /><testcase classname="tests.test_mcp" name="test_stats_tool_surfaces_verified_time_saved" time="0.013" /><testcase classname="tests.test_mcp" name="test_legacy_observe_test_call_is_hard_disabled" time="0.004" /><testcase classname="tests.test_mcp" name="test_store_rejects_repository_state_symlink" time="0.005"><skipped type="pytest.skip" message="directory symlinks are unavailable: [WinError 1314] A required privilege is not held by the client: 'C:\\Users\\floxy\\AppData\\Local\\Temp\\zerorun-five-hour-runtime-052-v1\\test_store_rejects_repository_0\\outside' -&gt; 'C:\\Users\\floxy\\AppData\\Local\\Temp\\zerorun-five-hour-runtime-052-v1\\test_store_rejects_repository_0\\repository\\.zerorun'">C:\Users\floxy\OneDrive\Documents\ChatGPT\Startup\tests\test_mcp.py:21: directory symlinks are unavailable: [WinError 1314] A required privilege is not held by the client: 'C:\\Users\\floxy\\AppData\\Local\\Temp\\zerorun-five-hour-runtime-052-v1\\test_store_rejects_repository_0\\outside' -&gt; 'C:\\Users\\floxy\\AppData\\Local\\Temp\\zerorun-five-hour-runtime-052-v1\\test_store_rejects_repository_0\\repository\\.zerorun'</skipped></testcase><testcase classname="tests.test_mcp" name="test_store_rejects_preseeded_cache_entry_symlink" time="0.006"><skipped type="pytest.skip" message="directory symlinks are unavailable: [WinError 1314] A required privilege is not held by the client: 'C:\\Users\\floxy\\AppData\\Local\\Temp\\zerorun-five-hour-runtime-052-v1\\test_store_rejects_preseeded_c0\\outside' -&gt; 'C:\\Users\\floxy\\AppData\\Local\\Temp\\zerorun-five-hour-runtime-052-v1\\test_store_rejects_preseeded_c0\\repository\\.zerorun\\cache\\aaaaaaaaaaaaaaaaaaaaaaaaaaaaaaaaaaaaaaaaaaaaaaaaaaaaaaaaaaaaaaaa'">C:\Users\floxy\OneDrive\Documents\ChatGPT\Startup\tests\test_mcp.py:21: directory symlinks are unavailable: [WinError 1314] A required privilege is not held by the client: 'C:\\Users\\floxy\\AppData\\Local\\Temp\\zerorun-five-hour-runtime-052-v1\\test_store_rejects_preseeded_c0\\outside' -&gt; 'C:\\Users\\floxy\\AppData\\Local\\Temp\\zerorun-five-hour-runtime-052-v1\\test_store_rejects_preseeded_c0\\repository\\.zerorun\\cache\\aaaaaaaaaaaaaaaaaaaaaaaaaaaaaaaaaaaaaaaaaaaaaaaaaaaaaaaaaaaaaaaa'</skipped></testcase><testcase classname="tests.test_mcp" name="test_store_rejects_preseeded_cache_metadata_and_stream_symlinks" time="0.044"><skipped type="pytest.skip" message="file symlinks are unavailable: [WinError 1314] A required privilege is not held by the client: 'C:\\Users\\floxy\\AppData\\Local\\Temp\\zerorun-five-hour-runtime-052-v1\\test_store_rejects_preseeded_c1\\outside-metadata.json' -&gt; 'C:\\Users\\floxy\\AppData\\Local\\Temp\\zerorun-five-hour-runtime-052-v1\\test_store_rejects_preseeded_c1\\repository\\.zerorun\\cache\\bbbbbbbbbbbbbbbbbbbbbbbbbbbbbbbbbbbbbbbbbbbbbbbbbbbbbbbbbbbbbbbb\\metadata.json'">C:\Users\floxy\OneDrive\Documents\ChatGPT\Startup\tests\test_mcp.py:28: file symlinks are unavailable: [WinError 1314] A required privilege is not held by the client: 'C:\\Users\\floxy\\AppData\\Local\\Temp\\zerorun-five-hour-runtime-052-v1\\test_store_rejects_preseeded_c1\\outside-metadata.json' -&gt; 'C:\\Users\\floxy\\AppData\\Local\\Temp\\zerorun-five-hour-runtime-052-v1\\test_store_rejects_preseeded_c1\\repository\\.zerorun\\cache\\bbbbbbbbbbbbbbbbbbbbbbbbbbbbbbbbbbbbbbbbbbbbbbbbbbbbbbbbbbbbbbbb\\metadata.json'</skipped></testcase><testcase classname="tests.test_mcp" name="test_present_malformed_manifest_is_a_structured_tool_error" time="0.005" /><testcase classname="tests.test_mcp" name="test_unauthorized_manifest_doctor_is_a_structured_tool_error" time="0.131" /><testcase classname="tests.test_mcp" name="test_mcp_rejects_symlinked_manifest_without_reading_target" time="0.005"><skipped type="pytest.skip" message="file symlinks are unavailable: [WinError 1314] A required privilege is not held by the client: 'C:\\Users\\floxy\\AppData\\Local\\Temp\\zerorun-five-hour-runtime-052-v1\\test_mcp_rejects_symlinked_man0\\outside-manifest.json' -&gt; 'C:\\Users\\floxy\\AppData\\Local\\Temp\\zerorun-five-hour-runtime-052-v1\\test_mcp_rejects_symlinked_man0\\repository\\.zerorun.json'">C:\Users\floxy\OneDrive\Documents\ChatGPT\Startup\tests\test_mcp.py:28: file symlinks are unavailable: [WinError 1314] A required privilege is not held by the client: 'C:\\Users\\floxy\\AppData\\Local\\Temp\\zerorun-five-hour-runtime-052-v1\\test_mcp_rejects_symlinked_man0\\outside-manifest.json' -&gt; 'C:\\Users\\floxy\\AppData\\Local\\Temp\\zerorun-five-hour-runtime-052-v1\\test_mcp_rejects_symlinked_man0\\repository\\.zerorun.json'</skipped></testcase><testcase classname="tests.test_mcp" name="test_mcp_rejects_symlinked_pytest_profile_before_runtime" time="0.004"><skipped type="pytest.skip" message="file symlinks are unavailable: [WinError 1314] A required privilege is not held by the client: 'C:\\Users\\floxy\\AppData\\Local\\Temp\\zerorun-five-hour-runtime-052-v1\\test_mcp_rejects_symlinked_pyt0\\outside-profile.json' -&gt; 'C:\\Users\\floxy\\AppData\\Local\\Temp\\zerorun-five-hour-runtime-052-v1\\test_mcp_rejects_symlinked_pyt0\\repository\\.zerorun-pytest.json'">C:\Users\floxy\OneDrive\Documents\ChatGPT\Startup\tests\test_mcp.py:28: file symlinks are unavailable: [WinError 1314] A required privilege is not held by the client: 'C:\\Users\\floxy\\AppData\\Local\\Temp\\zerorun-five-hour-runtime-052-v1\\test_mcp_rejects_symlinked_pyt0\\outside-profile.json' -&gt; 'C:\\Users\\floxy\\AppData\\Local\\Temp\\zerorun-five-hour-runtime-052-v1\\test_mcp_rejects_symlinked_pyt0\\repository\\.zerorun-pytest.json'</skipped></testcase><testcase classname="tests.test_mcp" name="test_run_pytest_requires_manifest_authority_before_profile_parse" time="0.003" /><testcase classname="tests.test_mcp" name="test_read_only_diagnostics_never_pull_repository_requested_images" time="0.738" /><testcase classname="tests.test_mcp" name="test_mcp_server_binding_rejects_other_repositories" time="0.006" /><testcase classname="tests.test_mcp" name="test_repository_root_accepts_regular_linked_worktree_marker" time="0.005" /><testcase classname="tests.test_mcp" name="test_repository_root_rejects_dangling_link_marker" time="0.004"><skipped type="pytest.skip" message="file symlinks are unavailable: [WinError 1314] A required privilege is not held by the client: 'C:\\Users\\floxy\\AppData\\Local\\Temp\\zerorun-five-hour-runtime-052-v1\\test_repository_root_rejects_d0\\missing-gitdir' -&gt; 'C:\\Users\\floxy\\AppData\\Local\\Temp\\zerorun-five-hour-runtime-052-v1\\test_repository_root_rejects_d0\\repository\\.git'">C:\Users\floxy\OneDrive\Documents\ChatGPT\Startup\tests\test_mcp.py:28: file symlinks are unavailable: [WinError 1314] A required privilege is not held by the client: 'C:\\Users\\floxy\\AppData\\Local\\Temp\\zerorun-five-hour-runtime-052-v1\\test_repository_root_rejects_d0\\missing-gitdir' -&gt; 'C:\\Users\\floxy\\AppData\\Local\\Temp\\zerorun-five-hour-runtime-052-v1\\test_repository_root_rejects_d0\\repository\\.git'</skipped></testcase><testcase classname="tests.test_mcp" name="test_run_tests_uses_real_api_boundary_and_keeps_task_output_off_protocol" time="0.002" /><testcase classname="tests.test_mcp" name="test_run_tests_refuses_legacy_manifest_without_host_execution" time="0.002" /><testcase classname="tests.test_mcp" name="test_mcp_refuses_host_environment_forwarding_before_runtime_or_execution" time="0.003" /><testcase classname="tests.test_mcp" name="test_mcp_normal_run_never_pulls_missing_runtime" time="0.003" /><testcase classname="tests.test_mcp" name="test_run_pytest_uses_reviewed_profile_runtime" time="0.003" /><testcase classname="tests.test_mcp" name="test_run_pytest_profile_path_cannot_escape_the_repository" time="0.005" /><testcase classname="tests.test_mcp" name="test_prepare_pytest_returns_compact_non_authorizing_summary" time="0.006" /><testcase classname="tests.test_codex_integration" name="test_bundled_skill_matches_the_repository_codex_skill" time="0.002" /><testcase classname="tests.test_codex_integration" name="test_codex_registration_process_is_time_and_output_bounded" time="0.001" /><testcase classname="tests.test_codex_integration" name="test_codex_registration_timeout_fails_closed" time="0.002" /><testcase classname="tests.test_codex_integration" name="test_install_codex_creates_project_skill_and_registers_mcp" time="0.322" /><testcase classname="tests.test_codex_integration" name="test_repository_manifest_alone_cannot_claim_codex_reuse_ready" time="0.205" /><testcase classname="tests.test_codex_integration" name="test_install_codex_keeps_legacy_manifest_observation_only" time="0.015" /><testcase classname="tests.test_codex_integration" name="test_skill_install_refuses_symlinked_parent" time="0.003"><skipped type="pytest.skip" message="directory symbolic links are unavailable: [WinError 1314] A required privilege is not held by the client: 'C:\\Users\\floxy\\AppData\\Local\\Temp\\zerorun-five-hour-runtime-052-v1\\test_skill_install_refuses_sym0\\outside' -&gt; 'C:\\Users\\floxy\\AppData\\Local\\Temp\\zerorun-five-hour-runtime-052-v1\\test_skill_install_refuses_sym0\\repository\\.agents'">C:\Users\floxy\OneDrive\Documents\ChatGPT\Startup\tests\test_codex_integration.py:305: directory symbolic links are unavailable: [WinError 1314] A required privilege is not held by the client: 'C:\\Users\\floxy\\AppData\\Local\\Temp\\zerorun-five-hour-runtime-052-v1\\test_skill_install_refuses_sym0\\outside' -&gt; 'C:\\Users\\floxy\\AppData\\Local\\Temp\\zerorun-five-hour-runtime-052-v1\\test_skill_install_refuses_sym0\\repository\\.agents'</skipped></testcase><testcase classname="tests.test_codex_integration" name="test_skill_install_refuses_intermediate_regular_file_without_exception[.agents]" time="0.004" /><testcase classname="tests.test_codex_integration" name="test_skill_install_refuses_intermediate_regular_file_without_exception[.agents/skills]" time="0.006" /><testcase classname="tests.test_codex_integration" name="test_skill_install_refuses_intermediate_regular_file_without_exception[.agents/skills/zerorun]" time="0.005" /><testcase classname="tests.test_codex_integration" name="test_install_codex_surfaces_intermediate_file_as_structured_refusal" time="0.005" /><testcase classname="tests.test_codex_integration" name="test_existing_skill_reader_rejects_in_place_mutation[truncate]" time="0.007" /><testcase classname="tests.test_codex_integration" name="test_existing_skill_reader_rejects_in_place_mutation[grow]" time="0.006" /><testcase classname="tests.test_codex_integration" name="test_existing_skill_reader_rejects_in_place_mutation[rewrite]" time="0.005" /><testcase classname="tests.test_codex_integration" name="test_expected_mcp_command_prefers_installed_zerorun" time="0.002" /><testcase classname="tests.test_codex_integration" name="test_expected_mcp_command_uses_compiled_binary_without_python_module_args" time="0.004" /><testcase classname="tests.test_codex_integration" name="test_mcp_registration_refuses_python_module_fallback" time="0.002" /><testcase classname="tests.test_codex_integration" name="test_mcp_registration_refuses_repository_controlled_launcher" time="0.004" /><testcase classname="tests.test_codex_integration" name="test_mcp_registration_refuses_repository_controlled_codex" time="0.004" /><testcase classname="tests.test_codex_integration" name="test_existing_mcp_registration_must_match_full_safe_semantics[disabled]" time="0.005" /><testcase classname="tests.test_codex_integration" name="test_existing_mcp_registration_must_match_full_safe_semantics[fixed_env]" time="0.006" /><testcase classname="tests.test_codex_integration" name="test_existing_mcp_registration_must_match_full_safe_semantics[host_env]" time="0.004" /><testcase classname="tests.test_codex_integration" name="test_existing_mcp_registration_must_match_full_safe_semantics[other_cwd]" time="0.006" /><testcase classname="tests.test_codex_integration" name="test_existing_mcp_registration_must_match_full_safe_semantics[tool_allowlist]" time="0.006" /><testcase classname="tests.test_codex_integration" name="test_existing_mcp_registration_must_match_full_safe_semantics[disabled_tool]" time="0.007" /><testcase classname="tests.test_codex_integration" name="test_existing_mcp_registration_must_match_full_safe_semantics[non_stdio]" time="0.006" /><testcase classname="tests.test_codex_integration" name="test_existing_mcp_registration_must_match_full_safe_semantics[unknown_transport_field]" time="0.005" /><testcase classname="tests.test_codex_integration" name="test_existing_mcp_registration_json_is_bounded_and_unambiguous[{&quot;name&quot;:&quot;zerorun&quot;,&quot;name&quot;:&quot;other&quot;}]" time="0.003" /><testcase classname="tests.test_codex_integration" name="test_existing_mcp_registration_json_is_bounded_and_unambiguous[[[[[[[[[[[[[[[[[[[[[[[[[[[[[[[[[[[[[[[[[0]]]]]]]]]]]]]]]]]]]]]]]]]]]]]]]]]]]]]]]]]" time="0.004" /><testcase classname="tests.test_codex_integration" name="test_mcp_registration_requires_safe_post_add_verification" time="0.006" /><testcase classname="tests.test_codex_integration" name="test_install_codex_refuses_to_overwrite_user_authored_skill" time="0.010" /><testcase classname="tests.test_codex_integration" name="test_install_codex_marker_substring_is_not_overwrite_authority" time="0.007" /><testcase classname="tests.test_codex_integration" name="test_skill_install_never_overwrites_file_created_during_absence_race" time="0.008" /><testcase classname="tests.test_codex_integration" name="test_install_codex_refuses_symlinked_skill_path" time="0.005"><skipped type="pytest.skip" message="symbolic links are not available on this host: [WinError 1314] A required privilege is not held by the client: 'C:\\Users\\floxy\\AppData\\Local\\Temp\\zerorun-five-hour-runtime-052-v1\\test_install_codex_refuses_sym0\\outside.md' -&gt; 'C:\\Users\\floxy\\AppData\\Local\\Temp\\zerorun-five-hour-runtime-052-v1\\test_install_codex_refuses_sym0\\.agents\\skills\\zerorun\\SKILL.md'">C:\Users\floxy\OneDrive\Documents\ChatGPT\Startup\tests\test_codex_integration.py:687: symbolic links are not available on this host: [WinError 1314] A required privilege is not held by the client: 'C:\\Users\\floxy\\AppData\\Local\\Temp\\zerorun-five-hour-runtime-052-v1\\test_install_codex_refuses_sym0\\outside.md' -&gt; 'C:\\Users\\floxy\\AppData\\Local\\Temp\\zerorun-five-hour-runtime-052-v1\\test_install_codex_refuses_sym0\\.agents\\skills\\zerorun\\SKILL.md'</skipped></testcase><testcase classname="tests.test_codex_integration" name="test_install_codex_refuses_oversized_or_non_utf8_existing_skill" time="0.013" /><testcase classname="tests.test_codex_integration" name="test_install_codex_reports_pytest_node_reuse_when_profile_exists" time="0.853" /><testcase classname="tests.test_codex_integration" name="test_install_codex_does_not_claim_reuse_when_pinned_runtime_is_absent" time="0.837" /><testcase classname="tests.test_codex_integration" name="test_pytest_profile_alone_marks_reuse_ready" time="1.162" /><testcase classname="tests.test_codex_integration" name="test_existing_different_mcp_registration_is_not_overwritten" time="0.036" /><testcase classname="tests.test_codex_integration" name="test_install_codex_is_observation_ready_without_manifest" time="0.013" /><testcase classname="tests.test_codex_integration" name="test_install_codex_is_not_ready_when_codex_cli_is_missing" time="0.011" /><testcase classname="tests.test_codex_integration" name="test_install_codex_refuses_a_non_repository_before_writing" time="0.008" /><testcase classname="tests.test_mcp_discovery_semantics" name="test_stdio_discovery_contains_complete_neutral_run_tests_reference" time="0.008" /><testcase classname="tests.test_mcp_discovery_semantics" name="test_omitted_and_explicit_verify_reach_existing_execution_boundary[argument0-False]" time="0.005" /><testcase classname="tests.test_mcp_discovery_semantics" name="test_omitted_and_explicit_verify_reach_existing_execution_boundary[argument1-False]" time="0.005" /><testcase classname="tests.test_mcp_discovery_semantics" name="test_omitted_and_explicit_verify_reach_existing_execution_boundary[argument2-True]" time="0.005" /><testcase classname="tests.test_mcp_discovery_semantics" name="test_verify_rejects_non_boolean_values_before_manifest_access[None]" time="0.003" /><testcase classname="tests.test_mcp_discovery_semantics" name="test_verify_rejects_non_boolean_values_before_manifest_access[0]" time="0.002" /><testcase classname="tests.test_mcp_discovery_semantics" name="test_verify_rejects_non_boolean_values_before_manifest_access[1]" time="0.002" /><testcase classname="tests.test_mcp_discovery_semantics" name="test_verify_rejects_non_boolean_values_before_manifest_access[true]" time="0.002" /><testcase classname="tests.test_mcp_discovery_semantics" name="test_verify_rejects_non_boolean_values_before_manifest_access[false]" time="0.002" /><testcase classname="tests.test_mcp_discovery_semantics" name="test_verify_rejects_non_boolean_values_before_manifest_access[invalid5]" time="0.003" /><testcase classname="tests.test_mcp_discovery_semantics" name="test_verify_rejects_non_boolean_values_before_manifest_access[invalid6]" time="0.002" /><testcase classname="tests.test_mcp_discovery_semantics" name="test_unknown_arguments_remain_errors_without_execution[force]" time="0.003" /><testcase classname="tests.test_mcp_discovery_semantics" name="test_unknown_arguments_remain_errors_without_execution[reuse_prior_success]" time="0.003" /><testcase classname="tests.test_mcp_discovery_semantics" name="test_unknown_arguments_remain_errors_without_execution[approve_setup]" time="0.002" /><testcase classname="tests.test_mcp_discovery_semantics" name="test_unknown_arguments_remain_errors_without_execution[command]" time="0.002" /><testcase classname="tests.test_mcp_discovery_semantics" name="test_unknown_arguments_remain_errors_without_execution[env]" time="0.002" /><testcase classname="tests.test_mcp_discovery_semantics" name="test_status_and_fresh_output_are_preserved_not_inferred_from_reuse_mode[HIT_REUSED-0-False-]" time="0.005" /><testcase classname="tests.test_mcp_discovery_semantics" name="test_status_and_fresh_output_are_preserved_not_inferred_from_reuse_mode[MISS_EXECUTED-0-False-fresh validation\n]" time="0.005" /><testcase classname="tests.test_mcp_discovery_semantics" name="test_status_and_fresh_output_are_preserved_not_inferred_from_reuse_mode[MISS_EXECUTED-0-True-fresh miss without stored success\n]" time="0.005" /><testcase classname="tests.test_mcp_discovery_semantics" name="test_status_and_fresh_output_are_preserved_not_inferred_from_reuse_mode[VERIFY_MATCH-0-True-fresh agreement\n]" time="0.005" /><testcase classname="tests.test_mcp_discovery_semantics" name="test_status_and_fresh_output_are_preserved_not_inferred_from_reuse_mode[MISS_FAILED-1-False-fresh failure\n]" time="0.006" /><testcase classname="tests.test_mcp_discovery_semantics" name="test_status_and_fresh_output_are_preserved_not_inferred_from_reuse_mode[VERIFY_MISMATCH-86-True-fresh disagreement\n]" time="0.006" /><testcase classname="tests.test_mcp_discovery_semantics" name="test_fresh_output_is_bounded_tail_not_claimed_complete_transcript" time="0.005" /><testcase classname="tests.test_mcp_discovery_semantics" name="test_verify_never_overrides_external_authority[argument0]" time="0.006" /><testcase classname="tests.test_mcp_discovery_semantics" name="test_verify_never_overrides_external_authority[argument1]" time="0.006" /><testcase classname="tests.test_mcp_discovery_semantics" name="test_verify_never_overrides_external_authority[argument2]" time="0.005" /></testsuite></testsuites>