<?xml version="1.0" encoding="utf-8"?><testsuites name="pytest tests"><testsuite name="pytest" errors="0" failures="0" skipped="0" tests="9" time="0.266" timestamp="2026-09-06T18:33:51.899972-04:00" hostname="floxy"><testcase classname="research.softwarex.tests.test_build_paper_bindings" name="test_matching_state_chain_included_and_bound_even_in_preview" time="0.009" /><testcase classname="research.softwarex.tests.test_build_paper_bindings" name="test_stale_or_unverified_state_never_enters_manuscript[missing-review-unreviewed]" time="0.008" /><testcase classname="research.softwarex.tests.test_build_paper_bindings" name="test_stale_or_unverified_state_never_enters_manuscript[changed-text-review mismatch]" time="0.007" /><testcase classname="research.softwarex.tests.test_build_paper_bindings" name="test_stale_or_unverified_state_never_enters_manuscript[unverified-review-review mismatch]" time="0.007" /><testcase classname="research.softwarex.tests.test_build_paper_bindings" name="test_stale_or_unverified_state_never_enters_manuscript[stale-analysis-incomplete or stale]" time="0.007" /><testcase classname="research.softwarex.tests.test_build_paper_bindings" name="test_stale_or_unverified_state_never_enters_manuscript[stale-review-analysis-analysis binding differs]" time="0.007" /><testcase classname="research.softwarex.tests.test_build_paper_bindings" name="test_stale_or_unverified_state_never_enters_manuscript[incomplete-analysis-incomplete or stale]" time="0.006" /><testcase classname="research.softwarex.tests.test_build_paper_bindings" name="test_stale_or_unverified_state_never_enters_manuscript[wrong-denominator-denominator changed]" time="0.007" /><testcase classname="research.softwarex.tests.test_build_paper_bindings" name="test_final_manuscript_requires_verified_public_release" time="0.006" /></testsuite></testsuites>