<?xml version="1.0" encoding="utf-8"?><testsuites name="pytest tests"><testsuite name="pytest" errors="0" failures="0" skipped="0" tests="46" time="41.860" timestamp="2026-09-06T18:54:54.064744-04:00" hostname="floxy"><testcase classname="research.sqj.strengthening.tests.test_analyze_replication" name="test_independent_schedule_and_state_reconciliation" time="0.001" /><testcase classname="research.sqj.strengthening.tests.test_analyze_replication" name="test_real_source_archives_bind_frozen_protocol" time="0.400" /><testcase classname="research.sqj.strengthening.tests.test_analyze_replication" name="test_protocol_tampering_rejected[expected_requests-167]" time="0.225" /><testcase classname="research.sqj.strengthening.tests.test_analyze_replication" name="test_protocol_tampering_rejected[operator_review_claimed-True]" time="0.242" /><testcase classname="research.sqj.strengthening.tests.test_analyze_replication" name="test_protocol_tampering_rejected[expected_trajectories-23]" time="0.272" /><testcase classname="research.sqj.strengthening.tests.test_analyze_replication" name="test_protocol_tampering_rejected[execution_timeout_seconds-600]" time="0.262" /><testcase classname="research.sqj.strengthening.tests.test_analyze_replication" name="test_protocol_tampering_rejected[testmon_in_this_replication-True]" time="0.270" /><testcase classname="research.sqj.strengthening.tests.test_analyze_replication" name="test_protocol_tampering_rejected[warmups_removed-1]" time="0.213" /><testcase classname="research.sqj.strengthening.tests.test_analyze_replication" name="test_protocol_tampering_rejected[producer_sha256-0000000000000000000000000000000000000000000000000000000000000000]" time="0.347" /><testcase classname="research.sqj.strengthening.tests.test_analyze_replication" name="test_protocol_tampering_rejected[expected_fresh_oracles-True]" time="0.677" /><testcase classname="research.sqj.strengthening.tests.test_analyze_replication" name="test_full_subject_reports_all_blocks_and_influence_without_dropping" time="0.988" /><testcase classname="research.sqj.strengthening.tests.test_analyze_replication" name="test_summary_or_raw_tampering_rejected[missing-row]" time="0.588" /><testcase classname="research.sqj.strengthening.tests.test_analyze_replication" name="test_summary_or_raw_tampering_rejected[duplicate-row]" time="0.327" /><testcase classname="research.sqj.strengthening.tests.test_analyze_replication" name="test_summary_or_raw_tampering_rejected[wrong-order]" time="0.228" /><testcase classname="research.sqj.strengthening.tests.test_analyze_replication" name="test_summary_or_raw_tampering_rejected[wrong-raw-duration]" time="0.297" /><testcase classname="research.sqj.strengthening.tests.test_analyze_replication" name="test_summary_or_raw_tampering_rejected[false-agreement]" time="0.304" /><testcase classname="research.sqj.strengthening.tests.test_analyze_replication" name="test_summary_or_raw_tampering_rejected[source-restore]" time="0.242" /><testcase classname="research.sqj.strengthening.tests.test_analyze_replication" name="test_summary_or_raw_tampering_rejected[namespace]" time="0.243" /><testcase classname="research.sqj.strengthening.tests.test_analyze_replication" name="test_invalid_clock_or_lifecycle_cannot_be_used[negative]" time="0.001" /><testcase classname="research.sqj.strengthening.tests.test_analyze_replication" name="test_invalid_clock_or_lifecycle_cannot_be_used[bool]" time="0.001" /><testcase classname="research.sqj.strengthening.tests.test_analyze_replication" name="test_invalid_clock_or_lifecycle_cannot_be_used[phase-sum]" time="0.001" /><testcase classname="research.sqj.strengthening.tests.test_analyze_replication" name="test_invalid_clock_or_lifecycle_cannot_be_used[phase-timeout]" time="0.001" /><testcase classname="research.sqj.strengthening.tests.test_analyze_replication" name="test_invalid_clock_or_lifecycle_cannot_be_used[phase-order]" time="0.001" /><testcase classname="research.sqj.strengthening.tests.test_analyze_replication" name="test_invalid_clock_or_lifecycle_cannot_be_used[phase-interval]" time="0.001" /><testcase classname="research.sqj.strengthening.tests.test_analyze_replication" name="test_invalid_clock_or_lifecycle_cannot_be_used[helper-over-outer]" time="0.001" /><testcase classname="research.sqj.strengthening.tests.test_analyze_replication" name="test_incomplete_subject_retains_completed_blocks_but_has_no_headline" time="0.279" /><testcase classname="research.sqj.strengthening.tests.test_analyze_replication" name="test_claimed_completion_on_incomplete_subject_rejected" time="0.248" /><testcase classname="research.sqj.strengthening.tests.test_analyze_replication" name="test_full_campaign_and_missing_campaign_receipt" time="1.869" /><testcase classname="research.sqj.strengthening.tests.test_analyze_replication" name="test_original_outlier_diagnostics_match_observed_numbers" time="0.064" /><testcase classname="research.sqj.strengthening.tests.test_analyze_replication" name="test_failed_cleanup_block_retains_costs_and_error_without_headline" time="0.312" /><testcase classname="research.sqj.strengthening.tests.test_analyze_replication" name="test_matching_rows_cannot_hide_reordered_execution_times" time="0.235" /><testcase classname="research.sqj.strengthening.tests.test_analyze_replication" name="test_equal_summary_and_receipt_cannot_invent_fresh_outcomes" time="0.236" /><testcase classname="research.sqj.strengthening.tests.test_analyze_replication" name="test_partial_request_costs_are_preserved_not_turned_into_zero" time="0.430" /><testcase classname="research.sqj.strengthening.tests.test_analyze_replication" name="test_duplicate_json_keys_and_nonfinite_measurements_rejected" time="0.005" /><testcase classname="research.sqj.strengthening.tests.test_replication_recovery" name="test_recovery_retains_partial_attempt_and_never_fakes_setup" time="3.168" /><testcase classname="research.sqj.strengthening.tests.test_replication_recovery" name="test_original_mismatch_cannot_be_reclassified" time="1.878" /><testcase classname="research.sqj.strengthening.tests.test_replication_recovery" name="test_recovery_tampering_rejected[drop-original]" time="2.844" /><testcase classname="research.sqj.strengthening.tests.test_replication_recovery" name="test_recovery_tampering_rejected[change-incident]" time="2.706" /><testcase classname="research.sqj.strengthening.tests.test_replication_recovery" name="test_recovery_tampering_rejected[different-schedule]" time="2.859" /><testcase classname="research.sqj.strengthening.tests.test_replication_recovery" name="test_recovery_tampering_rejected[lie-uninterrupted]" time="2.892" /><testcase classname="research.sqj.strengthening.tests.test_replication_recovery" name="test_recovery_tampering_rejected[missing-new-block]" time="2.897" /><testcase classname="research.sqj.strengthening.tests.test_replication_recovery" name="test_failed_block_does_not_authorize_retry" time="1.902" /><testcase classname="research.sqj.strengthening.tests.test_replication_recovery" name="test_inventory_omits_private_authentication" time="2.725" /><testcase classname="research.sqj.strengthening.tests.test_replication_recovery" name="test_real_crash_shape_retains_three_zero_byte_receipts" time="3.357" /><testcase classname="research.sqj.strengthening.tests.test_replication_recovery" name="test_nonempty_malformed_receipt_is_not_silently_filtered" time="2.622" /><testcase classname="research.sqj.strengthening.tests.test_replication_recovery" name="test_finished_campaign_cannot_be_recovered" time="1.902" /></testsuite></testsuites>