<?xml version="1.0" encoding="utf-8"?><testsuites name="pytest tests"><testsuite name="pytest" errors="0" failures="0" skipped="0" tests="12" time="70.028" timestamp="2026-09-06T18:34:10.151566-04:00" hostname="floxy"><testcase classname="research.sqj.strengthening.tests.test_replication_recovery" name="test_recovery_retains_partial_attempt_and_never_fakes_setup" time="4.644" /><testcase classname="research.sqj.strengthening.tests.test_replication_recovery" name="test_original_mismatch_cannot_be_reclassified" time="4.985" /><testcase classname="research.sqj.strengthening.tests.test_replication_recovery" name="test_recovery_tampering_rejected[drop-original]" time="7.372" /><testcase classname="research.sqj.strengthening.tests.test_replication_recovery" name="test_recovery_tampering_rejected[change-incident]" time="7.226" /><testcase classname="research.sqj.strengthening.tests.test_replication_recovery" name="test_recovery_tampering_rejected[different-schedule]" time="6.811" /><testcase classname="research.sqj.strengthening.tests.test_replication_recovery" name="test_recovery_tampering_rejected[lie-uninterrupted]" time="4.947" /><testcase classname="research.sqj.strengthening.tests.test_replication_recovery" name="test_recovery_tampering_rejected[missing-new-block]" time="7.736" /><testcase classname="research.sqj.strengthening.tests.test_replication_recovery" name="test_failed_block_does_not_authorize_retry" time="4.325" /><testcase classname="research.sqj.strengthening.tests.test_replication_recovery" name="test_inventory_omits_private_authentication" time="5.730" /><testcase classname="research.sqj.strengthening.tests.test_replication_recovery" name="test_real_crash_shape_retains_three_zero_byte_receipts" time="7.428" /><testcase classname="research.sqj.strengthening.tests.test_replication_recovery" name="test_nonempty_malformed_receipt_is_not_silently_filtered" time="3.992" /><testcase classname="research.sqj.strengthening.tests.test_replication_recovery" name="test_finished_campaign_cannot_be_recovered" time="4.544" /></testsuite></testsuites>