<?xml version="1.0" encoding="utf-8"?><testsuites name="pytest tests"><testsuite name="pytest" errors="0" failures="0" skipped="0" tests="9" time="45.652" timestamp="2026-09-06T18:32:39.676697-04:00" hostname="floxy"><testcase classname="research.sqj.strengthening.tests.test_replication_recovery" name="test_recovery_retains_partial_attempt_and_never_fakes_setup" time="3.099" /><testcase classname="research.sqj.strengthening.tests.test_replication_recovery" name="test_original_mismatch_cannot_be_reclassified" time="3.971" /><testcase classname="research.sqj.strengthening.tests.test_replication_recovery" name="test_recovery_tampering_rejected[drop-original]" time="5.739" /><testcase classname="research.sqj.strengthening.tests.test_replication_recovery" name="test_recovery_tampering_rejected[change-incident]" time="5.262" /><testcase classname="research.sqj.strengthening.tests.test_replication_recovery" name="test_recovery_tampering_rejected[different-schedule]" time="5.657" /><testcase classname="research.sqj.strengthening.tests.test_replication_recovery" name="test_recovery_tampering_rejected[lie-uninterrupted]" time="5.383" /><testcase classname="research.sqj.strengthening.tests.test_replication_recovery" name="test_recovery_tampering_rejected[missing-new-block]" time="5.401" /><testcase classname="research.sqj.strengthening.tests.test_replication_recovery" name="test_failed_block_does_not_authorize_retry" time="4.022" /><testcase classname="research.sqj.strengthening.tests.test_replication_recovery" name="test_inventory_omits_private_authentication" time="6.914" /></testsuite></testsuites>