<?xml version="1.0" encoding="utf-8"?><testsuites name="pytest tests"><testsuite name="pytest" errors="0" failures="0" skipped="0" tests="55" time="3.226" timestamp="2026-09-06T18:31:26.692376-04:00" hostname="floxy"><testcase classname="research.sqj.strengthening.tests.test_recovered_state_rejoin" name="test_missing_original_summary_stays_missing_and_case_is_standalone" time="0.027" /><testcase classname="research.sqj.strengthening.tests.test_recovered_state_rejoin" name="test_bad_interruption_receipt_never_invokes_runner[replication_protocol_sha256-0000000000000000000000000000000000000000000000000000000000000000]" time="0.016" /><testcase classname="research.sqj.strengthening.tests.test_recovered_state_rejoin" name="test_bad_interruption_receipt_never_invokes_runner[observed_utc-2099-01-01T00:00:00Z]" time="0.014" /><testcase classname="research.sqj.strengthening.tests.test_recovered_state_rejoin" name="test_bad_interruption_receipt_never_invokes_runner[description-]" time="0.029" /><testcase classname="research.sqj.strengthening.tests.test_recovered_state_rejoin" name="test_bad_interruption_receipt_never_invokes_runner[recovery_action-]" time="0.019" /><testcase classname="research.sqj.strengthening.tests.test_recovered_state_rejoin" name="test_bad_interruption_receipt_never_invokes_runner[schema-unbound]" time="0.013" /><testcase classname="research.sqj.strengthening.tests.test_recovered_state_rejoin" name="test_recovery_does_not_waive_failures_or_core_drift[drift]" time="0.016" /><testcase classname="research.sqj.strengthening.tests.test_recovered_state_rejoin" name="test_recovery_does_not_waive_failures_or_core_drift[fail_runner]" time="0.018" /><testcase classname="research.sqj.strengthening.tests.test_recovered_state_rejoin" name="test_independent_analyzer_accepts_bound_standalone_not_completed_campaign" time="0.155" /><testcase classname="research.sqj.strengthening.tests.test_recovered_state_rejoin" name="test_independent_analyzer_rejects_manufactured_recovery[fake-completion]" time="0.096" /><testcase classname="research.sqj.strengthening.tests.test_recovered_state_rejoin" name="test_independent_analyzer_rejects_manufactured_recovery[changed-interruption]" time="0.104" /><testcase classname="research.sqj.strengthening.tests.test_recovered_state_rejoin" name="test_independent_analyzer_rejects_manufactured_recovery[wrong-source]" time="0.109" /><testcase classname="research.sqj.strengthening.tests.test_recovered_state_rejoin" name="test_independent_analyzer_rejects_manufactured_recovery[no-interruption-check]" time="0.136" /><testcase classname="research.sqj.strengthening.tests.test_bound_state_rejoin" name="test_non_strict_json_refused[{&quot;a&quot;:1,&quot;a&quot;:2}]" time="0.002" /><testcase classname="research.sqj.strengthening.tests.test_bound_state_rejoin" name="test_non_strict_json_refused[{&quot;a&quot;:NaN}]" time="0.002" /><testcase classname="research.sqj.strengthening.tests.test_bound_state_rejoin" name="test_non_strict_json_refused[{&quot;a&quot;:1e999}]" time="0.001" /><testcase classname="research.sqj.strengthening.tests.test_bound_state_rejoin" name="test_core_projection_order_and_digest" time="0.002" /><testcase classname="research.sqj.strengthening.tests.test_bound_state_rejoin" name="test_core_projection_empty_or_duplicate_refused[files0]" time="0.004" /><testcase classname="research.sqj.strengthening.tests.test_bound_state_rejoin" name="test_core_projection_empty_or_duplicate_refused[files1]" time="0.002" /><testcase classname="research.sqj.strengthening.tests.test_bound_state_rejoin" name="test_core_projection_empty_or_duplicate_refused[files2]" time="0.003" /><testcase classname="research.sqj.strengthening.tests.test_bound_state_rejoin" name="test_protocol_before_case_and_success_receipt" time="0.022" /><testcase classname="research.sqj.strengthening.tests.test_bound_state_rejoin" name="test_runner_failure_preserves_post_identity" time="0.019" /><testcase classname="research.sqj.strengthening.tests.test_bound_state_rejoin" name="test_post_execution_core_drift_invalidates" time="0.016" /><testcase classname="research.sqj.strengthening.tests.test_bound_state_rejoin" name="test_incomplete_replication_never_invokes_case" time="0.014" /><testcase classname="research.sqj.strengthening.tests.test_bound_state_rejoin" name="test_runner_hash_mismatch_never_invokes_case" time="0.013" /><testcase classname="research.sqj.strengthening.tests.test_bound_state_rejoin" name="test_append_only_completion" time="0.004" /><testcase classname="research.sqj.strengthening.tests.test_analyze_state_rejoin" name="test_independent_reconstruction_matches_frozen_producer" time="0.114" /><testcase classname="research.sqj.strengthening.tests.test_analyze_state_rejoin" name="test_complete_case_retains_counterfactual_and_no_agent_speedup" time="0.121" /><testcase classname="research.sqj.strengthening.tests.test_analyze_state_rejoin" name="test_inventory_matches_posix_component_order_for_package_metadata" time="0.001" /><testcase classname="research.sqj.strengthening.tests.test_analyze_state_rejoin" name="test_actual_wrong_status_rejected_even_if_summary_says_success[0-HIT_REUSED]" time="0.078" /><testcase classname="research.sqj.strengthening.tests.test_analyze_state_rejoin" name="test_actual_wrong_status_rejected_even_if_summary_says_success[1-HIT_REUSED]" time="0.067" /><testcase classname="research.sqj.strengthening.tests.test_analyze_state_rejoin" name="test_actual_wrong_status_rejected_even_if_summary_says_success[2-MISS_EXECUTED]" time="0.110" /><testcase classname="research.sqj.strengthening.tests.test_analyze_state_rejoin" name="test_actual_wrong_status_rejected_even_if_summary_says_success[3-MISS_EXECUTED]" time="0.072" /><testcase classname="research.sqj.strengthening.tests.test_analyze_state_rejoin" name="test_adversarial_case_receipts_rejected[restored-key]" time="0.074" /><testcase classname="research.sqj.strengthening.tests.test_analyze_state_rejoin" name="test_adversarial_case_receipts_rejected[same-changed-key]" time="0.068" /><testcase classname="research.sqj.strengthening.tests.test_analyze_state_rejoin" name="test_adversarial_case_receipts_rejected[hit-stdout]" time="0.087" /><testcase classname="research.sqj.strengthening.tests.test_analyze_state_rejoin" name="test_adversarial_case_receipts_rejected[source-after]" time="0.074" /><testcase classname="research.sqj.strengthening.tests.test_analyze_state_rejoin" name="test_adversarial_case_receipts_rejected[scope]" time="0.058" /><testcase classname="research.sqj.strengthening.tests.test_analyze_state_rejoin" name="test_adversarial_case_receipts_rejected[authority]" time="0.080" /><testcase classname="research.sqj.strengthening.tests.test_analyze_state_rejoin" name="test_adversarial_case_receipts_rejected[missing-capture]" time="0.068" /><testcase classname="research.sqj.strengthening.tests.test_analyze_state_rejoin" name="test_adversarial_case_receipts_rejected[failure-receipt]" time="0.057" /><testcase classname="research.sqj.strengthening.tests.test_analyze_state_rejoin" name="test_fresh_outcome_adversarial_capture[bool-exit]" time="0.001" /><testcase classname="research.sqj.strengthening.tests.test_analyze_state_rejoin" name="test_fresh_outcome_adversarial_capture[duplicate-node]" time="0.001" /><testcase classname="research.sqj.strengthening.tests.test_analyze_state_rejoin" name="test_fresh_outcome_adversarial_capture[wrong-hash]" time="0.001" /><testcase classname="research.sqj.strengthening.tests.test_analyze_state_rejoin" name="test_fresh_outcome_adversarial_capture[skipped-node]" time="0.001" /><testcase classname="research.sqj.strengthening.tests.test_analyze_state_rejoin" name="test_fresh_outcome_adversarial_capture[wrong-node-count]" time="0.001" /><testcase classname="research.sqj.strengthening.tests.test_analyze_state_rejoin" name="test_fresh_outcome_adversarial_capture[exit-five-to-zero]" time="0.001" /><testcase classname="research.sqj.strengthening.tests.test_analyze_state_rejoin" name="test_missing_wrapper_never_certifies_case" time="0.081" /><testcase classname="research.sqj.strengthening.tests.test_analyze_state_rejoin" name="test_failed_case_does_not_emit_favorable_partial_table" time="0.097" /><testcase classname="research.sqj.strengthening.tests.test_analyze_state_rejoin" name="test_wrapper_validates_source_hashes_protocol_and_full_case" time="0.164" /><testcase classname="research.sqj.strengthening.tests.test_analyze_state_rejoin" name="test_wrapper_tampering_never_certifies[protocol_sha256]" time="0.116" /><testcase classname="research.sqj.strengthening.tests.test_analyze_state_rejoin" name="test_wrapper_tampering_never_certifies[protected_source_after]" time="0.102" /><testcase classname="research.sqj.strengthening.tests.test_analyze_state_rejoin" name="test_wrapper_tampering_never_certifies[helper_files_after]" time="0.088" /><testcase classname="research.sqj.strengthening.tests.test_analyze_state_rejoin" name="test_wrapper_tampering_never_certifies[case_summary_file]" time="0.197" /><testcase classname="research.sqj.strengthening.tests.test_analyze_state_rejoin" name="test_wrapper_tampering_never_certifies[completed]" time="0.117" /></testsuite></testsuites>