<?xml version="1.0" encoding="utf-8"?><testsuites name="pytest tests"><testsuite name="pytest" errors="0" failures="0" skipped="0" tests="9" time="0.982" timestamp="2026-09-06T18:59:53.258873-04:00" hostname="floxy"><testcase classname="research.sqj.strengthening.tests.test_analyze_replication" name="test_invalid_clock_or_lifecycle_cannot_be_used[negative]" time="0.001" /><testcase classname="research.sqj.strengthening.tests.test_analyze_replication" name="test_invalid_clock_or_lifecycle_cannot_be_used[bool]" time="0.001" /><testcase classname="research.sqj.strengthening.tests.test_analyze_replication" name="test_invalid_clock_or_lifecycle_cannot_be_used[phase-sum]" time="0.001" /><testcase classname="research.sqj.strengthening.tests.test_analyze_replication" name="test_invalid_clock_or_lifecycle_cannot_be_used[phase-timeout]" time="0.001" /><testcase classname="research.sqj.strengthening.tests.test_analyze_replication" name="test_invalid_clock_or_lifecycle_cannot_be_used[phase-order]" time="0.001" /><testcase classname="research.sqj.strengthening.tests.test_analyze_replication" name="test_invalid_clock_or_lifecycle_cannot_be_used[phase-interval]" time="0.001" /><testcase classname="research.sqj.strengthening.tests.test_analyze_replication" name="test_invalid_clock_or_lifecycle_cannot_be_used[helper-over-outer]" time="0.001" /><testcase classname="research.sqj.strengthening.tests.test_analyze_replication" name="test_failed_cleanup_block_retains_costs_and_error_without_headline" time="0.378" /><testcase classname="research.sqj.strengthening.tests.test_analyze_replication" name="test_partial_request_costs_are_preserved_not_turned_into_zero" time="0.341" /></testsuite></testsuites>